2022-07-20 15:00:03.369 DEBUG 13780 --- [main] o.s.b.f.s.DefaultListableBeanFactory     : Creating shared instance of singleton bean 'websocketServletWebServerCustomizer'
2022-07-20 15:00:03.370 DEBUG 13780 --- [main] o.s.b.f.s.DefaultListableBeanFactory     : Creating shared instance of singleton bean 'org.springframework.boot.autoconfigure.websocket.servlet.WebSocketServletAutoConfiguration$TomcatWebSocketConfiguration'
2022-07-20 15:00:03.372 DEBUG 13780 --- [main] o.s.b.f.s.DefaultListableBeanFactory     : Creating shared instance of singleton bean 'servletWebServerFactoryCustomizer'
2022-07-20 15:00:03.372 DEBUG 13780 --- [main] o.s.b.f.s.DefaultListableBeanFactory     : Creating shared instance of singleton bean 'org.springframework.boot.autoconfigure.web.servlet.ServletWebServerFactoryAutoConfiguration'
2022-07-20 15:00:03.378 DEBUG 13780 --- [main] o.s.b.f.s.DefaultListableBeanFactory     : Creating shared instance of singleton bean 'server-org.springframework.boot.autoconfigure.web.ServerProperties'
2022-07-20 15:00:03.385 DEBUG 13780 --- [main] o.s.b.f.s.DefaultListableBeanFactory     : Creating shared instance of singleton bean 'org.springframework.boot.context.properties.BoundConfigurationProperties'
2022-07-20 15:00:03.403 DEBUG 13780 --- [main] o.s.b.f.s.DefaultListableBeanFactory     : Autowiring by type from bean name 'servletWebServerFactoryCustomizer' via factory method to bean named 'server-org.springframework.boot.autoconfigure.web.ServerProperties'
2022-07-20 15:00:03.404 DEBUG 13780 --- [main] o.s.b.f.s.DefaultListableBeanFactory     : Creating shared instance of singleton bean 'tomcatServletWebServerFactoryCustomizer'
2022-07-20 15:00:03.404 DEBUG 13780 --- [main] o.s.b.f.s.DefaultListableBeanFactory     : Autowiring by type from bean name 'tomcatServletWebServerFactoryCustomizer' via factory method to bean named 'server-org.springframework.boot.autoconfigure.web.ServerProperties'
2022-07-20 15:00:03.405 DEBUG 13780 --- [main] o.s.b.f.s.DefaultListableBeanFactory     : Creating shared instance of singleton bean 'tomcatWebServerFactoryCustomizer'
2022-07-20 15:00:03.405 DEBUG 13780 --- [main] o.s.b.f.s.DefaultListableBeanFactory     : Creating shared instance of singleton bean 'org.springframework.boot.autoconfigure.web.embedded.EmbeddedWebServerFactoryCustomizerAutoConfiguration$TomcatWebServerFactoryCustomizerConfiguration'
2022-07-20 15:00:03.406 DEBUG 13780 --- [main] o.s.b.f.s.DefaultListableBeanFactory     : Autowiring by type from bean name 'tomcatWebServerFactoryCustomizer' via factory method to bean named 'environment'
2022-07-20 15:00:03.406 DEBUG 13780 --- [main] o.s.b.f.s.DefaultListableBeanFactory     : Autowiring by type from bean name 'tomcatWebServerFactoryCustomizer' via factory method to bean named 'server-org.springframework.boot.autoconfigure.web.ServerProperties'
2022-07-20 15:00:03.407 DEBUG 13780 --- [main] o.s.b.f.s.DefaultListableBeanFactory     : Creating shared instance of singleton bean 'localeCharsetMappingsCustomizer'
2022-07-20 15:00:03.407 DEBUG 13780 --- [main] o.s.b.f.s.DefaultListableBeanFactory     : Creating shared instance of singleton bean 'org.springframework.boot.autoconfigure.web.servlet.HttpEncodingAutoConfiguration'
2022-07-20 15:00:03.410 DEBUG 13780 --- [main] o.s.b.f.s.DefaultListableBeanFactory     : Autowiring by type from bean name 'org.springframework.boot.autoconfigure.web.servlet.HttpEncodingAutoConfiguration' via constructor to bean named 'server-org.springframework.boot.autoconfigure.web.ServerProperties'
2022-07-20 15:00:03.439 DEBUG 13780 --- [main] o.s.b.f.s.DefaultListableBeanFactory     : Creating shared instance of singleton bean 'errorPageCustomizer'
2022-07-20 15:00:03.439 DEBUG 13780 --- [main] o.s.b.f.s.DefaultListableBeanFactory     : Creating shared instance of singleton bean 'org.springframework.boot.autoconfigure.web.servlet.error.ErrorMvcAutoConfiguration'
2022-07-20 15:00:03.440 DEBUG 13780 --- [main] o.s.b.f.s.DefaultListableBeanFactory     : Autowiring by type from bean name 'org.springframework.boot.autoconfigure.web.servlet.error.ErrorMvcAutoConfiguration' via constructor to bean named 'server-org.springframework.boot.autoconfigure.web.ServerProperties'
2022-07-20 15:00:03.441 DEBUG 13780 --- [main] o.s.b.f.s.DefaultListableBeanFactory     : Creating shared instance of singleton bean 'dispatcherServletRegistration'
2022-07-20 15:00:03.441 DEBUG 13780 --- [main] o.s.b.f.s.DefaultListableBeanFactory     : Creating shared instance of singleton bean 'org.springframework.boot.autoconfigure.web.servlet.DispatcherServletAutoConfiguration$DispatcherServletRegistrationConfiguration'
2022-07-20 15:00:03.442 DEBUG 13780 --- [main] o.s.b.f.s.DefaultListableBeanFactory     : Creating shared instance of singleton bean 'dispatcherServlet'
2022-07-20 15:00:03.443 DEBUG 13780 --- [main] o.s.b.f.s.DefaultListableBeanFactory     : Creating shared instance of singleton bean 'org.springframework.boot.autoconfigure.web.servlet.DispatcherServletAutoConfiguration$DispatcherServletConfiguration'
2022-07-20 15:00:03.444 DEBUG 13780 --- [main] o.s.b.f.s.DefaultListableBeanFactory     : Creating shared instance of singleton bean 'spring.mvc-org.springframework.boot.autoconfigure.web.servlet.WebMvcProperties'
2022-07-20 15:00:03.448 DEBUG 13780 --- [main] o.s.b.f.s.DefaultListableBeanFactory     : Autowiring by type from bean name 'dispatcherServlet' via factory method to bean named 'spring.mvc-org.springframework.boot.autoconfigure.web.servlet.WebMvcProperties'
2022-07-20 15:00:03.458 DEBUG 13780 --- [main] o.s.b.f.s.DefaultListableBeanFactory     : Autowiring by type from bean name 'dispatcherServletRegistration' via factory method to bean named 'dispatcherServlet'
2022-07-20 15:00:03.459 DEBUG 13780 --- [main] o.s.b.f.s.DefaultListableBeanFactory     : Autowiring by type from bean name 'dispatcherServletRegistration' via factory method to bean named 'spring.mvc-org.springframework.boot.autoconfigure.web.servlet.WebMvcProperties'
2022-07-20 15:00:03.461 DEBUG 13780 --- [main] o.s.b.f.s.DefaultListableBeanFactory     : Creating shared instance of singleton bean 'multipartConfigElement'
2022-07-20 15:00:03.461 DEBUG 13780 --- [main] o.s.b.f.s.DefaultListableBeanFactory     : Creating shared instance of singleton bean 'org.springframework.boot.autoconfigure.web.servlet.MultipartAutoConfiguration'
2022-07-20 15:00:03.461 DEBUG 13780 --- [main] o.s.b.f.s.DefaultListableBeanFactory     : Creating shared instance of singleton bean 'spring.servlet.multipart-org.springframework.boot.autoconfigure.web.servlet.MultipartProperties'
2022-07-20 15:00:03.464 DEBUG 13780 --- [main] o.s.b.f.s.DefaultListableBeanFactory     : Autowiring by type from bean name 'org.springframework.boot.autoconfigure.web.servlet.MultipartAutoConfiguration' via constructor to bean named 'spring.servlet.multipart-org.springframework.boot.autoconfigure.web.servlet.MultipartProperties'
2022-07-20 15:00:03.470 DEBUG 13780 --- [main] o.s.b.f.s.DefaultListableBeanFactory     : Autowiring by type from bean name 'errorPageCustomizer' via factory method to bean named 'dispatcherServletRegistration'
2022-07-20 15:00:03.483 DEBUG 13780 --- [main] o.apache.tomcat.util.compat.Jre9Compat   : Class not found so assuming code is running on a pre-Java 9 JVM

java.lang.ClassNotFoundException: java.lang.reflect.InaccessibleObjectException
	at java.net.URLClassLoader.findClass(URLClassLoader.java:382) ~[na:1.8.0_202]
	at java.lang.ClassLoader.loadClass(ClassLoader.java:424) ~[na:1.8.0_202]
	at sun.misc.Launcher$AppClassLoader.loadClass(Launcher.java:349) ~[na:1.8.0_202]
	at java.lang.ClassLoader.loadClass(ClassLoader.java:357) ~[na:1.8.0_202]
	at java.lang.Class.forName0(Native Method) ~[na:1.8.0_202]
	at java.lang.Class.forName(Class.java:264) ~[na:1.8.0_202]
	at org.apache.tomcat.util.compat.Jre9Compat.<clinit>(Jre9Compat.java:83) ~[tomcat-embed-core-9.0.64.jar:9.0.64]
	at org.apache.tomcat.util.compat.JreCompat.<clinit>(JreCompat.java:72) [tomcat-embed-core-9.0.64.jar:9.0.64]
	at org.apache.catalina.startup.Tomcat.<clinit>(Tomcat.java:1304) [tomcat-embed-core-9.0.64.jar:9.0.64]
	at org.springframework.boot.web.embedded.tomcat.TomcatServletWebServerFactory.getWebServer(TomcatServletWebServerFactory.java:194) [spring-boot-2.7.1.jar:2.7.1]
	at org.springframework.boot.web.servlet.context.ServletWebServerApplicationContext.createWebServer(ServletWebServerApplicationContext.java:184) [spring-boot-2.7.1.jar:2.7.1]
	at org.springframework.boot.web.servlet.context.ServletWebServerApplicationContext.onRefresh(ServletWebServerApplicationContext.java:162) [spring-boot-2.7.1.jar:2.7.1]
	at org.springframework.context.support.AbstractApplicationContext.refresh(AbstractApplicationContext.java:577) [spring-context-5.3.21.jar:5.3.21]
	at org.springframework.boot.web.servlet.context.ServletWebServerApplicationContext.refresh(ServletWebServerApplicationContext.java:147) [spring-boot-2.7.1.jar:2.7.1]
	at org.springframework.boot.SpringApplication.refresh(SpringApplication.java:734) [spring-boot-2.7.1.jar:2.7.1]
	at org.springframework.boot.SpringApplication.refreshContext(SpringApplication.java:408) [spring-boot-2.7.1.jar:2.7.1]
	at org.springframework.boot.SpringApplication.run(SpringApplication.java:308) [spring-boot-2.7.1.jar:2.7.1]
	at org.springframework.boot.SpringApplication.run(SpringApplication.java:1306) [spring-boot-2.7.1.jar:2.7.1]
	at org.springframework.boot.SpringApplication.run(SpringApplication.java:1295) [spring-boot-2.7.1.jar:2.7.1]
	at com.kk.SpringBootDemo11LogApplication.main(SpringBootDemo11LogApplication.java:9) [classes/:na]

2022-07-20 15:00:03.484 DEBUG 13780 --- [main] o.apache.tomcat.util.compat.Jre16Compat  : Class not found so assuming code is running on a pre-Java 16 JVM

java.lang.ClassNotFoundException: java.net.UnixDomainSocketAddress
	at java.net.URLClassLoader.findClass(URLClassLoader.java:382) ~[na:1.8.0_202]
	at java.lang.ClassLoader.loadClass(ClassLoader.java:424) ~[na:1.8.0_202]
	at sun.misc.Launcher$AppClassLoader.loadClass(Launcher.java:349) ~[na:1.8.0_202]
	at java.lang.ClassLoader.loadClass(ClassLoader.java:357) ~[na:1.8.0_202]
	at java.lang.Class.forName0(Native Method) ~[na:1.8.0_202]
	at java.lang.Class.forName(Class.java:264) ~[na:1.8.0_202]
	at org.apache.tomcat.util.compat.Jre16Compat.<clinit>(Jre16Compat.java:47) ~[tomcat-embed-core-9.0.64.jar:9.0.64]
	at org.apache.tomcat.util.compat.JreCompat.<clinit>(JreCompat.java:72) [tomcat-embed-core-9.0.64.jar:9.0.64]
	at org.apache.catalina.startup.Tomcat.<clinit>(Tomcat.java:1304) [tomcat-embed-core-9.0.64.jar:9.0.64]
	at org.springframework.boot.web.embedded.tomcat.TomcatServletWebServerFactory.getWebServer(TomcatServletWebServerFactory.java:194) [spring-boot-2.7.1.jar:2.7.1]
	at org.springframework.boot.web.servlet.context.ServletWebServerApplicationContext.createWebServer(ServletWebServerApplicationContext.java:184) [spring-boot-2.7.1.jar:2.7.1]
	at org.springframework.boot.web.servlet.context.ServletWebServerApplicationContext.onRefresh(ServletWebServerApplicationContext.java:162) [spring-boot-2.7.1.jar:2.7.1]
	at org.springframework.context.support.AbstractApplicationContext.refresh(AbstractApplicationContext.java:577) [spring-context-5.3.21.jar:5.3.21]
	at org.springframework.boot.web.servlet.context.ServletWebServerApplicationContext.refresh(ServletWebServerApplicationContext.java:147) [spring-boot-2.7.1.jar:2.7.1]
	at org.springframework.boot.SpringApplication.refresh(SpringApplication.java:734) [spring-boot-2.7.1.jar:2.7.1]
	at org.springframework.boot.SpringApplication.refreshContext(SpringApplication.java:408) [spring-boot-2.7.1.jar:2.7.1]
	at org.springframework.boot.SpringApplication.run(SpringApplication.java:308) [spring-boot-2.7.1.jar:2.7.1]
	at org.springframework.boot.SpringApplication.run(SpringApplication.java:1306) [spring-boot-2.7.1.jar:2.7.1]
	at org.springframework.boot.SpringApplication.run(SpringApplication.java:1295) [spring-boot-2.7.1.jar:2.7.1]
	at com.kk.SpringBootDemo11LogApplication.main(SpringBootDemo11LogApplication.java:9) [classes/:na]

2022-07-20 15:00:03.485 DEBUG 13780 --- [main] o.apache.tomcat.util.compat.Jre19Compat  : Class not found so assuming code is running on a pre-Java 19 JVM

java.lang.ClassNotFoundException: java.lang.WrongThreadException
	at java.net.URLClassLoader.findClass(URLClassLoader.java:382) ~[na:1.8.0_202]
	at java.lang.ClassLoader.loadClass(ClassLoader.java:424) ~[na:1.8.0_202]
	at sun.misc.Launcher$AppClassLoader.loadClass(Launcher.java:349) ~[na:1.8.0_202]
	at java.lang.ClassLoader.loadClass(ClassLoader.java:357) ~[na:1.8.0_202]
	at java.lang.Class.forName0(Native Method) ~[na:1.8.0_202]
	at java.lang.Class.forName(Class.java:264) ~[na:1.8.0_202]
	at org.apache.tomcat.util.compat.Jre19Compat.<clinit>(Jre19Compat.java:37) ~[tomcat-embed-core-9.0.64.jar:9.0.64]
	at org.apache.tomcat.util.compat.JreCompat.<clinit>(JreCompat.java:72) [tomcat-embed-core-9.0.64.jar:9.0.64]
	at org.apache.catalina.startup.Tomcat.<clinit>(Tomcat.java:1304) [tomcat-embed-core-9.0.64.jar:9.0.64]
	at org.springframework.boot.web.embedded.tomcat.TomcatServletWebServerFactory.getWebServer(TomcatServletWebServerFactory.java:194) [spring-boot-2.7.1.jar:2.7.1]
	at org.springframework.boot.web.servlet.context.ServletWebServerApplicationContext.createWebServer(ServletWebServerApplicationContext.java:184) [spring-boot-2.7.1.jar:2.7.1]
	at org.springframework.boot.web.servlet.context.ServletWebServerApplicationContext.onRefresh(ServletWebServerApplicationContext.java:162) [spring-boot-2.7.1.jar:2.7.1]
	at org.springframework.context.support.AbstractApplicationContext.refresh(AbstractApplicationContext.java:577) [spring-context-5.3.21.jar:5.3.21]
	at org.springframework.boot.web.servlet.context.ServletWebServerApplicationContext.refresh(ServletWebServerApplicationContext.java:147) [spring-boot-2.7.1.jar:2.7.1]
	at org.springframework.boot.SpringApplication.refresh(SpringApplication.java:734) [spring-boot-2.7.1.jar:2.7.1]
	at org.springframework.boot.SpringApplication.refreshContext(SpringApplication.java:408) [spring-boot-2.7.1.jar:2.7.1]
	at org.springframework.boot.SpringApplication.run(SpringApplication.java:308) [spring-boot-2.7.1.jar:2.7.1]
	at org.springframework.boot.SpringApplication.run(SpringApplication.java:1306) [spring-boot-2.7.1.jar:2.7.1]
	at org.springframework.boot.SpringApplication.run(SpringApplication.java:1295) [spring-boot-2.7.1.jar:2.7.1]
	at com.kk.SpringBootDemo11LogApplication.main(SpringBootDemo11LogApplication.java:9) [classes/:na]

2022-07-20 15:00:03.526 DEBUG 13780 --- [main] o.apache.tomcat.util.IntrospectionUtils  : IntrospectionUtils: setProperty(class org.apache.coyote.http11.Http11NioProtocol port=80)
2022-07-20 15:00:03.536 DEBUG 13780 --- [main] o.apache.tomcat.util.IntrospectionUtils  : IntrospectionUtils: setProperty(class org.apache.coyote.http11.Http11NioProtocol bindOnInit=false)
2022-07-20 15:00:03.537 DEBUG 13780 --- [main] o.apache.tomcat.util.IntrospectionUtils  : IntrospectionUtils: setProperty(class org.apache.tomcat.util.net.NioEndpoint bindOnInit=false)
2022-07-20 15:00:03.540 DEBUG 13780 --- [main] o.apache.tomcat.util.IntrospectionUtils  : IntrospectionUtils: setProperty(class org.apache.coyote.http11.Http11NioProtocol maxPostSize=2097152)
2022-07-20 15:00:03.540 DEBUG 13780 --- [main] o.apache.tomcat.util.IntrospectionUtils  : IntrospectionUtils: setProperty(class org.apache.tomcat.util.net.NioEndpoint maxPostSize=2097152)
2022-07-20 15:00:03.551 DEBUG 13780 --- [main] org.apache.catalina.core.ContainerBase   : Add child StandardHost[localhost] StandardEngine[Tomcat]
2022-07-20 15:00:03.552 DEBUG 13780 --- [main] .s.b.w.e.t.TomcatServletWebServerFactory : Code archive: D:\Maven\repository\org\springframework\boot\spring-boot\2.7.1\spring-boot-2.7.1.jar
2022-07-20 15:00:03.552 DEBUG 13780 --- [main] .s.b.w.e.t.TomcatServletWebServerFactory : Code archive: D:\Maven\repository\org\springframework\boot\spring-boot\2.7.1\spring-boot-2.7.1.jar
2022-07-20 15:00:03.552 DEBUG 13780 --- [main] .s.b.w.e.t.TomcatServletWebServerFactory : None of the document roots [src/main/webapp, public, static] point to a directory and will be ignored.
2022-07-20 15:00:03.569 DEBUG 13780 --- [main] org.apache.catalina.core.ContainerBase   : Add child TomcatEmbeddedContext[] StandardEngine[Tomcat].StandardHost[localhost]
2022-07-20 15:00:03.573  INFO 13780 --- [main] o.s.b.w.embedded.tomcat.TomcatWebServer  : Tomcat initialized with port(s): 80 (http)
2022-07-20 15:00:03.583 DEBUG 13780 --- [main] o.apache.tomcat.util.IntrospectionUtils  : IntrospectionUtils: setProperty(class org.apache.coyote.http11.Http11NioProtocol parseBodyMethods=POST)
2022-07-20 15:00:03.583 DEBUG 13780 --- [main] o.apache.tomcat.util.IntrospectionUtils  : IntrospectionUtils: setProperty(class org.apache.tomcat.util.net.NioEndpoint parseBodyMethods=POST)
2022-07-20 15:00:03.585  INFO 13780 --- [main] o.apache.catalina.core.StandardService   : Starting service [Tomcat]
2022-07-20 15:00:03.585  INFO 13780 --- [main] org.apache.catalina.core.StandardEngine  : Starting Servlet engine: [Apache Tomcat/9.0.64]
2022-07-20 15:00:03.587 DEBUG 13780 --- [main] o.apache.catalina.core.StandardContext   : Starting ROOT
2022-07-20 15:00:03.595 DEBUG 13780 --- [main] o.apache.catalina.core.StandardContext   : Configuring default Resources
2022-07-20 15:00:03.635 DEBUG 13780 --- [main] o.apache.catalina.core.StandardContext   : Processing standard container startup
2022-07-20 15:00:03.636 DEBUG 13780 --- [main] org.apache.catalina.loader.WebappLoader  : Starting this Loader
2022-07-20 15:00:03.717 DEBUG 13780 --- [main] o.a.c.authenticator.AuthenticatorBase    : No SingleSignOn Valve is present
2022-07-20 15:00:03.717 DEBUG 13780 --- [main] o.apache.catalina.core.StandardContext   : No manager found. Checking if cluster manager should be used. Cluster configured: [false], Application distributable: [false]
2022-07-20 15:00:03.722 DEBUG 13780 --- [main] o.apache.catalina.core.StandardContext   : Configured a manager of class [org.apache.catalina.session.StandardManager]
2022-07-20 15:00:03.732  INFO 13780 --- [main] o.a.c.c.C.[Tomcat].[localhost].[/]       : Initializing Spring embedded WebApplicationContext
2022-07-20 15:00:03.732 DEBUG 13780 --- [main] w.s.c.ServletWebServerApplicationContext : Published root WebApplicationContext as ServletContext attribute with name [org.springframework.web.context.WebApplicationContext.ROOT]
2022-07-20 15:00:03.732  INFO 13780 --- [main] w.s.c.ServletWebServerApplicationContext : Root WebApplicationContext: initialization completed in 1016 ms
2022-07-20 15:00:03.736 DEBUG 13780 --- [main] o.s.b.f.s.DefaultListableBeanFactory     : Creating shared instance of singleton bean 'requestContextFilter'
2022-07-20 15:00:03.738 DEBUG 13780 --- [main] o.s.b.f.s.DefaultListableBeanFactory     : Creating shared instance of singleton bean 'formContentFilter'
2022-07-20 15:00:03.739 DEBUG 13780 --- [main] o.s.b.f.s.DefaultListableBeanFactory     : Creating shared instance of singleton bean 'org.springframework.boot.autoconfigure.web.servlet.WebMvcAutoConfiguration'
2022-07-20 15:00:03.742 DEBUG 13780 --- [main] o.s.b.f.s.DefaultListableBeanFactory     : Creating shared instance of singleton bean 'characterEncodingFilter'
